{
  "uid" : "577bc07544aafe43",
  "name" : "Bad scenario with background",
  "historyId" : "f0ebd54b69e38010167aa61032a378b9",
  "time" : {
    "start" : 1528797649034,
    "stop" : 1528797649042,
    "duration" : 8
  },
  "status" : "failed",
  "statusDetails" : {
    "message" : "expected [16] but found [15]",
    "trace" : "java.lang.AssertionError: expected [16] but found [15]\r\n\tat org.testng.Assert.fail(Assert.java:94)\r\n\tat org.testng.Assert.failNotEquals(Assert.java:513)\r\n\tat org.testng.Assert.assertEqualsImpl(Assert.java:135)\r\n\tat org.testng.Assert.assertEquals(Assert.java:116)\r\n\tat org.testng.Assert.assertEquals(Assert.java:389)\r\n\tat org.testng.Assert.assertEquals(Assert.java:399)\r\n\tat allure.AllureStepDefs.result_is(AllureStepDefs.java:70)\r\n\tat ✽.result is 16(src/test/resources/features/google/allure/test-background.feature:16)\r\n",
    "flaky" : false
  },
  "beforeStages" : [ ],
  "testStage" : {
    "status" : "failed",
    "statusDetails" : {
      "message" : "expected [16] but found [15]",
      "trace" : "java.lang.AssertionError: expected [16] but found [15]\r\n\tat org.testng.Assert.fail(Assert.java:94)\r\n\tat org.testng.Assert.failNotEquals(Assert.java:513)\r\n\tat org.testng.Assert.assertEqualsImpl(Assert.java:135)\r\n\tat org.testng.Assert.assertEquals(Assert.java:116)\r\n\tat org.testng.Assert.assertEquals(Assert.java:389)\r\n\tat org.testng.Assert.assertEquals(Assert.java:399)\r\n\tat allure.AllureStepDefs.result_is(AllureStepDefs.java:70)\r\n\tat ✽.result is 16(src/test/resources/features/google/allure/test-background.feature:16)\r\n",
      "flaky" : false
    },
    "steps" : [ {
      "name" : "before",
      "time" : {
        "start" : 1528797649034,
        "stop" : 1528797649034,
        "duration" : 0
      },
      "status" : "passed",
      "steps" : [ ],
      "attachments" : [ ],
      "parameters" : [ ],
      "stepsCount" : 0,
      "hasContent" : false,
      "attachmentsCount" : 0,
      "shouldDisplayMessage" : false
    }, {
      "name" : "Given  a is 5",
      "time" : {
        "start" : 1528797649034,
        "stop" : 1528797649035,
        "duration" : 1
      },
      "status" : "passed",
      "steps" : [ ],
      "attachments" : [ ],
      "parameters" : [ ],
      "stepsCount" : 0,
      "hasContent" : false,
      "attachmentsCount" : 0,
      "shouldDisplayMessage" : false
    }, {
      "name" : "And  b is 10",
      "time" : {
        "start" : 1528797649035,
        "stop" : 1528797649036,
        "duration" : 1
      },
      "status" : "passed",
      "steps" : [ ],
      "attachments" : [ ],
      "parameters" : [ ],
      "stepsCount" : 0,
      "hasContent" : false,
      "attachmentsCount" : 0,
      "shouldDisplayMessage" : false
    }, {
      "name" : "When  I add a to b",
      "time" : {
        "start" : 1528797649036,
        "stop" : 1528797649037,
        "duration" : 1
      },
      "status" : "passed",
      "steps" : [ ],
      "attachments" : [ ],
      "parameters" : [ ],
      "stepsCount" : 0,
      "hasContent" : false,
      "attachmentsCount" : 0,
      "shouldDisplayMessage" : false
    }, {
      "name" : "Then  result is 16",
      "time" : {
        "start" : 1528797649037,
        "stop" : 1528797649040,
        "duration" : 3
      },
      "status" : "failed",
      "steps" : [ ],
      "attachments" : [ ],
      "parameters" : [ ],
      "stepsCount" : 0,
      "hasContent" : false,
      "attachmentsCount" : 0,
      "shouldDisplayMessage" : false
    }, {
      "name" : "after",
      "time" : {
        "start" : 1528797649040,
        "stop" : 1528797649040,
        "duration" : 0
      },
      "status" : "passed",
      "steps" : [ ],
      "attachments" : [ ],
      "parameters" : [ ],
      "stepsCount" : 0,
      "hasContent" : false,
      "attachmentsCount" : 0,
      "shouldDisplayMessage" : false
    } ],
    "attachments" : [ ],
    "parameters" : [ ],
    "stepsCount" : 6,
    "hasContent" : true,
    "attachmentsCount" : 0,
    "shouldDisplayMessage" : true
  },
  "afterStages" : [ ],
  "labels" : [ {
    "name" : "feature",
    "value" : "Test Scenarios with backgrounds"
  }, {
    "name" : "story",
    "value" : "Bad scenario with background"
  }, {
    "name" : "tag",
    "value" : "FeatureTag"
  }, {
    "name" : "tag",
    "value" : "bad"
  }, {
    "name" : "host",
    "value" : "ISVGREPC0000924"
  }, {
    "name" : "package",
    "value" : "Test Scenarios with backgrounds"
  }, {
    "name" : "suite",
    "value" : "Test Scenarios with backgrounds"
  }, {
    "name" : "testClass",
    "value" : "Bad scenario with background"
  }, {
    "name" : "thread",
    "value" : "15956@ISVGREPC0000924.pool-2-thread-1(15)"
  }, {
    "name" : "resultFormat",
    "value" : "allure2"
  } ],
  "parameters" : [ ],
  "links" : [ {
    "name" : "OAT-4444",
    "type" : "tms"
  }, {
    "name" : "BUG-22400",
    "type" : "issue"
  } ],
  "hidden" : false,
  "extra" : {
    "severity" : "normal",
    "retries" : [ ],
    "categories" : [ {
      "name" : "Product defects",
      "matchedStatuses" : [ ],
      "flaky" : false
    } ],
    "tags" : [ "FeatureTag", "bad" ]
  },
  "statusDetailsSafe" : {
    "message" : "expected [16] but found [15]",
    "trace" : "java.lang.AssertionError: expected [16] but found [15]\r\n\tat org.testng.Assert.fail(Assert.java:94)\r\n\tat org.testng.Assert.failNotEquals(Assert.java:513)\r\n\tat org.testng.Assert.assertEqualsImpl(Assert.java:135)\r\n\tat org.testng.Assert.assertEquals(Assert.java:116)\r\n\tat org.testng.Assert.assertEquals(Assert.java:389)\r\n\tat org.testng.Assert.assertEquals(Assert.java:399)\r\n\tat allure.AllureStepDefs.result_is(AllureStepDefs.java:70)\r\n\tat ✽.result is 16(src/test/resources/features/google/allure/test-background.feature:16)\r\n",
    "flaky" : false
  },
  "source" : "577bc07544aafe43.json",
  "statusMessage" : {
    "present" : true
  },
  "parameterValues" : [ ]
}