{
  "uid" : "40371656a03c85b7",
  "name" : "Scenario with pending steps",
  "historyId" : "6cdcb56c5d5c597af7d1933e487b5686",
  "time" : {
    "start" : 1528798466636,
    "stop" : 1528798466639,
    "duration" : 3
  },
  "status" : "skipped",
  "statusDetails" : {
    "message" : "TODO: implement me",
    "trace" : "cucumber.api.PendingException: TODO: implement me\n\tat io.qameta.allure.cucumber3jvm.AllureCucumber3Jvm.handlePickleStep(AllureCucumber3Jvm.java:293)\n\tat io.qameta.allure.cucumber3jvm.AllureCucumber3Jvm.handleTestStepFinished(AllureCucumber3Jvm.java:181)\n\tat cucumber.runner.EventBus.send(EventBus.java:28)\n\tat cucumber.runner.TestStep.run(TestStep.java:49)\n\tat cucumber.runner.PickleStepTestStep.run(PickleStepTestStep.java:53)\n\tat cucumber.runner.TestCase.run(TestCase.java:47)\n\tat cucumber.runner.Runner.runPickle(Runner.java:44)\n\tat cucumber.api.testng.TestNGCucumberRunner.runScenario(TestNGCucumberRunner.java:56)\n\tat cucumber.api.testng.AbstractTestNGCucumberTests.runScenario(AbstractTestNGCucumberTests.java:22)\n\tat sun.reflect.NativeMethodAccessorImpl.invoke0(Native Method)\n\tat sun.reflect.NativeMethodAccessorImpl.invoke(NativeMethodAccessorImpl.java:62)\n\tat sun.reflect.DelegatingMethodAccessorImpl.invoke(DelegatingMethodAccessorImpl.java:43)\n\tat java.lang.reflect.Method.invoke(Method.java:498)\n\tat org.testng.internal.MethodInvocationHelper.invokeMethod(MethodInvocationHelper.java:124)\n\tat org.testng.internal.Invoker.invokeMethod(Invoker.java:583)\n\tat org.testng.internal.Invoker.invokeTestMethod(Invoker.java:719)\n\tat org.testng.internal.Invoker.invokeTestMethods(Invoker.java:989)\n\tat org.testng.internal.TestMethodWorker.invokeTestMethods(TestMethodWorker.java:125)\n\tat org.testng.internal.TestMethodWorker.run(TestMethodWorker.java:109)\n\tat java.util.concurrent.ThreadPoolExecutor.runWorker(ThreadPoolExecutor.java:1142)\n\tat java.util.concurrent.ThreadPoolExecutor$Worker.run(ThreadPoolExecutor.java:617)\n\tat java.lang.Thread.run(Thread.java:745)\n",
    "flaky" : false
  },
  "beforeStages" : [ ],
  "testStage" : {
    "status" : "skipped",
    "statusDetails" : {
      "message" : "TODO: implement me",
      "trace" : "cucumber.api.PendingException: TODO: implement me\n\tat io.qameta.allure.cucumber3jvm.AllureCucumber3Jvm.handlePickleStep(AllureCucumber3Jvm.java:293)\n\tat io.qameta.allure.cucumber3jvm.AllureCucumber3Jvm.handleTestStepFinished(AllureCucumber3Jvm.java:181)\n\tat cucumber.runner.EventBus.send(EventBus.java:28)\n\tat cucumber.runner.TestStep.run(TestStep.java:49)\n\tat cucumber.runner.PickleStepTestStep.run(PickleStepTestStep.java:53)\n\tat cucumber.runner.TestCase.run(TestCase.java:47)\n\tat cucumber.runner.Runner.runPickle(Runner.java:44)\n\tat cucumber.api.testng.TestNGCucumberRunner.runScenario(TestNGCucumberRunner.java:56)\n\tat cucumber.api.testng.AbstractTestNGCucumberTests.runScenario(AbstractTestNGCucumberTests.java:22)\n\tat sun.reflect.NativeMethodAccessorImpl.invoke0(Native Method)\n\tat sun.reflect.NativeMethodAccessorImpl.invoke(NativeMethodAccessorImpl.java:62)\n\tat sun.reflect.DelegatingMethodAccessorImpl.invoke(DelegatingMethodAccessorImpl.java:43)\n\tat java.lang.reflect.Method.invoke(Method.java:498)\n\tat org.testng.internal.MethodInvocationHelper.invokeMethod(MethodInvocationHelper.java:124)\n\tat org.testng.internal.Invoker.invokeMethod(Invoker.java:583)\n\tat org.testng.internal.Invoker.invokeTestMethod(Invoker.java:719)\n\tat org.testng.internal.Invoker.invokeTestMethods(Invoker.java:989)\n\tat org.testng.internal.TestMethodWorker.invokeTestMethods(TestMethodWorker.java:125)\n\tat org.testng.internal.TestMethodWorker.run(TestMethodWorker.java:109)\n\tat java.util.concurrent.ThreadPoolExecutor.runWorker(ThreadPoolExecutor.java:1142)\n\tat java.util.concurrent.ThreadPoolExecutor$Worker.run(ThreadPoolExecutor.java:617)\n\tat java.lang.Thread.run(Thread.java:745)\n",
      "flaky" : false
    },
    "steps" : [ {
      "name" : "before",
      "time" : {
        "start" : 1528798466636,
        "stop" : 1528798466636,
        "duration" : 0
      },
      "status" : "passed",
      "steps" : [ ],
      "attachments" : [ ],
      "parameters" : [ ],
      "stepsCount" : 0,
      "attachmentsCount" : 0,
      "shouldDisplayMessage" : false,
      "hasContent" : false
    }, {
      "name" : "Given  первое число 1",
      "time" : {
        "start" : 1528798466636,
        "stop" : 1528798466637,
        "duration" : 1
      },
      "status" : "skipped",
      "steps" : [ ],
      "attachments" : [ ],
      "parameters" : [ ],
      "stepsCount" : 0,
      "attachmentsCount" : 0,
      "shouldDisplayMessage" : false,
      "hasContent" : false
    }, {
      "name" : "When  call step with PendingException",
      "time" : {
        "start" : 1528798466637,
        "stop" : 1528798466637,
        "duration" : 0
      },
      "status" : "skipped",
      "steps" : [ ],
      "attachments" : [ ],
      "parameters" : [ ],
      "stepsCount" : 0,
      "attachmentsCount" : 0,
      "shouldDisplayMessage" : false,
      "hasContent" : false
    }, {
      "name" : "And  второе число 2",
      "time" : {
        "start" : 1528798466638,
        "stop" : 1528798466638,
        "duration" : 0
      },
      "status" : "skipped",
      "steps" : [ ],
      "attachments" : [ ],
      "parameters" : [ ],
      "stepsCount" : 0,
      "attachmentsCount" : 0,
      "shouldDisplayMessage" : false,
      "hasContent" : false
    }, {
      "name" : "Then  test case market as unimplemented",
      "time" : {
        "start" : 1528798466638,
        "stop" : 1528798466638,
        "duration" : 0
      },
      "status" : "skipped",
      "steps" : [ ],
      "attachments" : [ ],
      "parameters" : [ ],
      "stepsCount" : 0,
      "attachmentsCount" : 0,
      "shouldDisplayMessage" : false,
      "hasContent" : false
    }, {
      "name" : "after",
      "time" : {
        "start" : 1528798466639,
        "stop" : 1528798466639,
        "duration" : 0
      },
      "status" : "passed",
      "steps" : [ ],
      "attachments" : [ ],
      "parameters" : [ ],
      "stepsCount" : 0,
      "attachmentsCount" : 0,
      "shouldDisplayMessage" : false,
      "hasContent" : false
    } ],
    "attachments" : [ ],
    "parameters" : [ ],
    "stepsCount" : 6,
    "attachmentsCount" : 0,
    "shouldDisplayMessage" : true,
    "hasContent" : true
  },
  "afterStages" : [ ],
  "labels" : [ {
    "name" : "feature",
    "value" : "Test Scenarios with Pending Steps"
  }, {
    "name" : "story",
    "value" : "Scenario with pending steps"
  }, {
    "name" : "tag",
    "value" : "skipped"
  }, {
    "name" : "host",
    "value" : "Ashleys-MacBook-Pro.local"
  }, {
    "name" : "package",
    "value" : "Test Scenarios with Pending Steps"
  }, {
    "name" : "suite",
    "value" : "Test Scenarios with Pending Steps"
  }, {
    "name" : "testClass",
    "value" : "Scenario with pending steps"
  }, {
    "name" : "thread",
    "value" : "16809@Ashleys-MacBook-Pro.local.TestNG-test=Surefire test-1(15)"
  }, {
    "name" : "resultFormat",
    "value" : "allure2"
  } ],
  "parameters" : [ ],
  "links" : [ ],
  "hidden" : false,
  "extra" : {
    "severity" : "normal",
    "retries" : [ ],
    "categories" : [ ],
    "tags" : [ "skipped" ]
  },
  "source" : "40371656a03c85b7.json",
  "statusMessage" : {
    "present" : true
  },
  "statusDetailsSafe" : {
    "message" : "TODO: implement me",
    "trace" : "cucumber.api.PendingException: TODO: implement me\n\tat io.qameta.allure.cucumber3jvm.AllureCucumber3Jvm.handlePickleStep(AllureCucumber3Jvm.java:293)\n\tat io.qameta.allure.cucumber3jvm.AllureCucumber3Jvm.handleTestStepFinished(AllureCucumber3Jvm.java:181)\n\tat cucumber.runner.EventBus.send(EventBus.java:28)\n\tat cucumber.runner.TestStep.run(TestStep.java:49)\n\tat cucumber.runner.PickleStepTestStep.run(PickleStepTestStep.java:53)\n\tat cucumber.runner.TestCase.run(TestCase.java:47)\n\tat cucumber.runner.Runner.runPickle(Runner.java:44)\n\tat cucumber.api.testng.TestNGCucumberRunner.runScenario(TestNGCucumberRunner.java:56)\n\tat cucumber.api.testng.AbstractTestNGCucumberTests.runScenario(AbstractTestNGCucumberTests.java:22)\n\tat sun.reflect.NativeMethodAccessorImpl.invoke0(Native Method)\n\tat sun.reflect.NativeMethodAccessorImpl.invoke(NativeMethodAccessorImpl.java:62)\n\tat sun.reflect.DelegatingMethodAccessorImpl.invoke(DelegatingMethodAccessorImpl.java:43)\n\tat java.lang.reflect.Method.invoke(Method.java:498)\n\tat org.testng.internal.MethodInvocationHelper.invokeMethod(MethodInvocationHelper.java:124)\n\tat org.testng.internal.Invoker.invokeMethod(Invoker.java:583)\n\tat org.testng.internal.Invoker.invokeTestMethod(Invoker.java:719)\n\tat org.testng.internal.Invoker.invokeTestMethods(Invoker.java:989)\n\tat org.testng.internal.TestMethodWorker.invokeTestMethods(TestMethodWorker.java:125)\n\tat org.testng.internal.TestMethodWorker.run(TestMethodWorker.java:109)\n\tat java.util.concurrent.ThreadPoolExecutor.runWorker(ThreadPoolExecutor.java:1142)\n\tat java.util.concurrent.ThreadPoolExecutor$Worker.run(ThreadPoolExecutor.java:617)\n\tat java.lang.Thread.run(Thread.java:745)\n",
    "flaky" : false
  },
  "parameterValues" : [ ]
}